2025-02-04 12:10:39,457 [INFO] Activator:176 - 


2025-02-04 12:10:39,459 [INFO] Activator:177 - !SESSION log4j initialized
2025-02-04 12:10:43,107 [INFO] LogOutputStream:77 - [STDOUT_REDIRECT] 
2025-02-04 12:10:48,508 [INFO] ApplicationProperties:184 - Using Application install path: C:\ST\STM32CubeIDE_1.17.0\STM32CubeIDE\plugins\com.st.stm32cube.common.mx_6.13.0.202411220809
2025-02-04 12:10:48,526 [INFO] DbMcusXml:78 - Set database path to: C:\ST\STM32CubeIDE_1.17.0\STM32CubeIDE\plugins\com.st.stm32cube.common.mx_6.13.0.202411220809\\db\/mcu/
2025-02-04 12:10:48,526 [INFO] ApiDb:274 - Set plugin database path to: C:\ST\STM32CubeIDE_1.17.0\STM32CubeIDE\plugins\com.st.stm32cube.common.mx_6.13.0.202411220809\\db\/plugins/boardmanager/
2025-02-04 12:10:48,527 [WARN] ApiDb:259 - Overriding images path with different value:  => C:\ST\STM32CubeIDE_1.17.0\STM32CubeIDE\plugins\com.st.stm32cube.common.mx_6.13.0.202411220809\\db\/plugins/mcufinder/images/
2025-02-04 12:10:48,534 [INFO] ApiDb:250 - Set database path to: C:\Users\Katja\.stmcufinder\plugins\mcufinder//mcu/
2025-02-04 12:10:48,535 [INFO] DbMcusAds:125 - Set database path to: C:\Users\Katja\.stmcufinder\plugins\mcufinder//mcu/
2025-02-04 12:10:48,538 [INFO] CrossReferenceDbSqlite:203 - Set database path to: C:\Users\Katja\.stmcufinder\plugins\mcufinder//mcu/cs/
2025-02-04 12:10:48,700 [INFO] RulesReader:64 - Compatibility file has been processed (297 Rules)
2025-02-04 12:10:48,782 [INFO] DbMcusXml:78 - Set database path to: C:\ST\STM32CubeIDE_1.17.0\STM32CubeIDE\plugins\com.st.stm32cube.common.mx_6.13.0.202411220809\\db\/mcu/
2025-02-04 12:10:48,782 [INFO] ApiDb:274 - Set plugin database path to: C:\ST\STM32CubeIDE_1.17.0\STM32CubeIDE\plugins\com.st.stm32cube.common.mx_6.13.0.202411220809\\db\/plugins/boardmanager/
2025-02-04 12:10:48,782 [INFO] ApiDb:261 - Set plugin images path to: C:\ST\STM32CubeIDE_1.17.0\STM32CubeIDE\plugins\com.st.stm32cube.common.mx_6.13.0.202411220809\\db\/plugins/mcufinder/images/
2025-02-04 12:10:48,783 [WARN] DbFile:41 - Overriding database path with different value: C:\Users\Katja\.stmcufinder\plugins\mcufinder/ => C:\Users\Katja\.stmcufinder\plugins\mcufinder
2025-02-04 12:10:48,783 [INFO] ApiDb:250 - Set database path to: C:\Users\Katja\.stmcufinder\plugins\mcufinder//mcu/
2025-02-04 12:10:48,783 [WARN] DbFile:41 - Overriding database path with different value: C:\Users\Katja\.stmcufinder\plugins\mcufinder/ => C:\Users\Katja\.stmcufinder\plugins\mcufinder
2025-02-04 12:10:48,783 [INFO] DbMcusAds:125 - Set database path to: C:\Users\Katja\.stmcufinder\plugins\mcufinder//mcu/
2025-02-04 12:10:48,783 [WARN] DbFile:41 - Overriding database path with different value: C:\Users\Katja\.stmcufinder\plugins\mcufinder/ => C:\Users\Katja\.stmcufinder\plugins\mcufinder
2025-02-04 12:10:48,783 [WARN] DbFile:41 - Overriding database path with different value: C:\Users\Katja\.stmcufinder\plugins\mcufinder/ => C:\Users\Katja\.stmcufinder\plugins\mcufinder
2025-02-04 12:10:48,783 [INFO] CrossReferenceDbSqlite:203 - Set database path to: C:\Users\Katja\.stmcufinder\plugins\mcufinder//mcu/cs/
2025-02-04 12:10:48,858 [INFO] MainPanel:272 - HeapMemory: 268435456
2025-02-04 12:10:48,953 [INFO] DbMcusXml:78 - Set database path to: C:\ST\STM32CubeIDE_1.17.0\STM32CubeIDE\plugins\com.st.stm32cube.common.mx_6.13.0.202411220809\\db\/mcu/
2025-02-04 12:10:48,953 [INFO] ApiDb:274 - Set plugin database path to: C:\ST\STM32CubeIDE_1.17.0\STM32CubeIDE\plugins\com.st.stm32cube.common.mx_6.13.0.202411220809\\db\/plugins/boardmanager/
2025-02-04 12:10:48,953 [INFO] ApiDb:261 - Set plugin images path to: C:\ST\STM32CubeIDE_1.17.0\STM32CubeIDE\plugins\com.st.stm32cube.common.mx_6.13.0.202411220809\\db\/plugins/mcufinder/images/
2025-02-04 12:10:48,954 [WARN] DbFile:41 - Overriding database path with different value: C:\Users\Katja\.stmcufinder\plugins\mcufinder/ => C:\Users\Katja\.stmcufinder\plugins\mcufinder
2025-02-04 12:10:48,954 [INFO] ApiDb:250 - Set database path to: C:\Users\Katja\.stmcufinder\plugins\mcufinder//mcu/
2025-02-04 12:10:48,954 [WARN] DbFile:41 - Overriding database path with different value: C:\Users\Katja\.stmcufinder\plugins\mcufinder/ => C:\Users\Katja\.stmcufinder\plugins\mcufinder
2025-02-04 12:10:48,954 [INFO] DbMcusAds:125 - Set database path to: C:\Users\Katja\.stmcufinder\plugins\mcufinder//mcu/
2025-02-04 12:10:48,954 [WARN] DbFile:41 - Overriding database path with different value: C:\Users\Katja\.stmcufinder\plugins\mcufinder/ => C:\Users\Katja\.stmcufinder\plugins\mcufinder
2025-02-04 12:10:48,954 [WARN] DbFile:41 - Overriding database path with different value: C:\Users\Katja\.stmcufinder\plugins\mcufinder/ => C:\Users\Katja\.stmcufinder\plugins\mcufinder
2025-02-04 12:10:48,954 [INFO] CrossReferenceDbSqlite:203 - Set database path to: C:\Users\Katja\.stmcufinder\plugins\mcufinder//mcu/cs/
2025-02-04 12:10:48,976 [INFO] ApplicationProperties:184 - Using Application install path: C:\ST\STM32CubeIDE_1.17.0\STM32CubeIDE\plugins\com.st.stm32cube.common.mx_6.13.0.202411220809
2025-02-04 12:10:48,978 [INFO] PluginManage:196 - Search for loadable plugins [exclusion list=, ]
2025-02-04 12:10:48,979 [INFO] PluginManage:310 - Check plugin analytics
2025-02-04 12:10:53,666 [INFO] AnalyticsPlugin:253 - Accepted Software Licenses: 
2025-02-04 12:10:53,666 [INFO] AnalyticsPlugin:255 - Accepted CMSIS Pack Licenses: 
2025-02-04 12:10:53,666 [INFO] AnalyticsPlugin:257 - Accepted Firmware Licenses: 
2025-02-04 12:10:53,667 [INFO] PluginManage:359 - Loaded plugin analytics (category:tool,tabindex:-1)
2025-02-04 12:10:53,667 [INFO] PluginManage:310 - Check plugin cadmodel
2025-02-04 12:10:53,670 [INFO] CADModel:105 - Init CAD model plugin
2025-02-04 12:10:53,670 [INFO] PluginManage:359 - Loaded plugin cadmodel (category:power,tabindex:5)
2025-02-04 12:10:53,670 [INFO] PluginManage:310 - Check plugin clock
2025-02-04 12:10:53,675 [INFO] PluginManage:359 - Loaded plugin clock (category:base,tabindex:2)
2025-02-04 12:10:53,675 [INFO] PluginManage:310 - Check plugin ddr
2025-02-04 12:10:53,676 [INFO] PluginManage:359 - Loaded plugin ddr (category:tool,tabindex:6)
2025-02-04 12:10:53,676 [INFO] PluginManage:310 - Check plugin filemanager
2025-02-04 12:10:53,770 [INFO] PluginManage:359 - Loaded plugin filemanager (category:base,tabindex:10)
2025-02-04 12:10:53,770 [INFO] PluginManage:310 - Check plugin ipmanager
2025-02-04 12:10:53,776 [INFO] PluginManage:359 - Loaded plugin ipmanager (category:base,tabindex:5)
2025-02-04 12:10:53,777 [INFO] PluginManage:310 - Check plugin lpbam
2025-02-04 12:10:53,783 [INFO] PluginManage:359 - Loaded plugin lpbam (category:base,tabindex:0)
2025-02-04 12:10:53,783 [INFO] PluginManage:310 - Check plugin memorymap
2025-02-04 12:10:53,791 [INFO] PluginManage:359 - Loaded plugin memorymap (category:base,tabindex:4)
2025-02-04 12:10:53,791 [INFO] PluginManage:310 - Check plugin pinoutandconfiguration
2025-02-04 12:10:53,796 [INFO] PluginManage:359 - Loaded plugin pinoutandconfiguration (category:base,tabindex:1)
2025-02-04 12:10:53,796 [INFO] PluginManage:310 - Check plugin pinoutconfig
2025-02-04 12:10:53,858 [WARN] SupportedApi:132 - Cannot load RTOS API schema: s4s-elt-must-match.1: The content of 'definitions' must match (annotation?, (simpleType | complexType)?, (unique | key | keyref)*)). A problem was found starting at: attribute.
2025-02-04 12:10:53,946 [INFO] PluginManage:359 - Loaded plugin pinoutconfig (category:base,tabindex:0)
2025-02-04 12:10:53,947 [INFO] PluginManage:310 - Check plugin power
2025-02-04 12:10:53,953 [INFO] PluginManage:359 - Loaded plugin power (category:power,tabindex:4)
2025-02-04 12:10:53,953 [INFO] PluginManage:310 - Check plugin projectmanager
2025-02-04 12:10:53,964 [INFO] PluginManage:359 - Loaded plugin projectmanager (category:projectmanager,tabindex:4)
2025-02-04 12:10:53,964 [INFO] PluginManage:310 - Check plugin rif
2025-02-04 12:10:53,968 [INFO] PluginManage:359 - Loaded plugin rif (category:base,tabindex:3)
2025-02-04 12:10:53,968 [INFO] PluginManage:310 - Check plugin thirdparty
2025-02-04 12:10:54,051 [INFO] PluginManage:359 - Loaded plugin thirdparty (category:base,tabindex:-1)
2025-02-04 12:10:54,051 [WARN] IntegrityCheckThread:84 - waiting for thirdparty lock release [integrity check]
2025-02-04 12:10:54,052 [INFO] PluginManage:310 - Check plugin tools
2025-02-04 12:10:54,052 [INFO] IntegrityCheckThread:86 - entering critical section [integrity check]
2025-02-04 12:10:54,052 [INFO] ThirdPartyUpdaterWithRetryManager:70 - Updater plugin not ready yet. [1/15]
2025-02-04 12:10:54,054 [INFO] PluginManage:359 - Loaded plugin tools (category:base,tabindex:7)
2025-02-04 12:10:54,054 [INFO] PluginManage:310 - Check plugin tutovideos
2025-02-04 12:10:54,166 [INFO] PluginManage:359 - Loaded plugin tutovideos (category:base,tabindex:-1)
2025-02-04 12:10:54,166 [INFO] PluginManage:310 - Check plugin updater
2025-02-04 12:10:54,182 [INFO] PluginManage:359 - Loaded plugin updater (category:base,tabindex:12)
2025-02-04 12:10:54,182 [INFO] PluginManage:310 - Check plugin userauth
2025-02-04 12:10:54,184 [INFO] UserAuth:118 - Init User Auth plugin
2025-02-04 12:10:54,185 [INFO] PluginManage:359 - Loaded plugin userauth (category:base,tabindex:14)
2025-02-04 12:10:54,185 [INFO] PluginManage:283 - PluginManage : Loaded plugins [18]
2025-02-04 12:10:54,338 [INFO] PinOutPanel:1589 - setPackage(No Configuration,No Configuration)
2025-02-04 12:10:54,396 [INFO] CADModel:165 - CPN selected for project level
2025-02-04 12:10:54,397 [INFO] CADModel:114 - Register for checkConnection events
2025-02-04 12:10:54,407 [INFO] IPUIPlugin:80 - create IPUIPlugin
2025-02-04 12:10:54,407 [INFO] PluginManager:220 - loadIPPluginJar : add adc
2025-02-04 12:10:54,408 [INFO] IPUIPlugin:80 - create IPUIPlugin
2025-02-04 12:10:54,408 [INFO] PluginManager:220 - loadIPPluginJar : add aes
2025-02-04 12:10:54,410 [INFO] IPUIPlugin:80 - create IPUIPlugin
2025-02-04 12:10:54,410 [INFO] PluginManager:220 - loadIPPluginJar : add can
2025-02-04 12:10:54,411 [INFO] IPUIPlugin:80 - create IPUIPlugin
2025-02-04 12:10:54,411 [INFO] PluginManager:220 - loadIPPluginJar : add comp
2025-02-04 12:10:54,412 [INFO] IPUIPlugin:80 - create IPUIPlugin
2025-02-04 12:10:54,412 [INFO] PluginManager:220 - loadIPPluginJar : add cryp
2025-02-04 12:10:54,414 [INFO] IPUIPlugin:80 - create IPUIPlugin
2025-02-04 12:10:54,414 [INFO] PluginManager:220 - loadIPPluginJar : add ddr_ctrl_phy
2025-02-04 12:10:54,415 [INFO] IPUIPlugin:80 - create IPUIPlugin
2025-02-04 12:10:54,415 [INFO] PluginManager:220 - loadIPPluginJar : add dfsdm
2025-02-04 12:10:54,419 [INFO] IPUIPlugin:80 - create IPUIPlugin
2025-02-04 12:10:54,420 [INFO] PluginManager:220 - loadIPPluginJar : add dma
2025-02-04 12:10:54,422 [INFO] IPUIPlugin:80 - create IPUIPlugin
2025-02-04 12:10:54,422 [INFO] PluginManager:220 - loadIPPluginJar : add dma3
2025-02-04 12:10:54,424 [INFO] IPUIPlugin:80 - create IPUIPlugin
2025-02-04 12:10:54,424 [INFO] PluginManager:220 - loadIPPluginJar : add extmemmanager
2025-02-04 12:10:54,425 [INFO] IPUIPlugin:80 - create IPUIPlugin
2025-02-04 12:10:54,425 [INFO] PluginManager:220 - loadIPPluginJar : add fatfs
2025-02-04 12:10:54,428 [INFO] IPUIPlugin:80 - create IPUIPlugin
2025-02-04 12:10:54,428 [INFO] PluginManager:220 - loadIPPluginJar : add fmc
2025-02-04 12:10:54,431 [INFO] IPUIPlugin:80 - create IPUIPlugin
2025-02-04 12:10:54,431 [INFO] PluginManager:220 - loadIPPluginJar : add freertos
2025-02-04 12:10:54,432 [INFO] IPUIPlugin:80 - create IPUIPlugin
2025-02-04 12:10:54,432 [INFO] PluginManager:220 - loadIPPluginJar : add genericplugin
2025-02-04 12:10:54,434 [INFO] IPUIPlugin:80 - create IPUIPlugin
2025-02-04 12:10:54,434 [INFO] PluginManager:220 - loadIPPluginJar : add gfxmmu
2025-02-04 12:10:54,437 [INFO] IPUIPlugin:80 - create IPUIPlugin
2025-02-04 12:10:54,437 [INFO] PluginManager:220 - loadIPPluginJar : add gic
2025-02-04 12:10:54,439 [INFO] IPUIPlugin:80 - create IPUIPlugin
2025-02-04 12:10:54,439 [INFO] PluginManager:220 - loadIPPluginJar : add gpio
2025-02-04 12:10:54,441 [INFO] IPUIPlugin:80 - create IPUIPlugin
2025-02-04 12:10:54,441 [INFO] PluginManager:220 - loadIPPluginJar : add gtzc
2025-02-04 12:10:54,443 [INFO] IPUIPlugin:80 - create IPUIPlugin
2025-02-04 12:10:54,443 [INFO] PluginManager:220 - loadIPPluginJar : add hash
2025-02-04 12:10:54,444 [INFO] IPUIPlugin:80 - create IPUIPlugin
2025-02-04 12:10:54,444 [INFO] PluginManager:220 - loadIPPluginJar : add i2c
2025-02-04 12:10:54,446 [INFO] IPUIPlugin:80 - create IPUIPlugin
2025-02-04 12:10:54,446 [INFO] PluginManager:220 - loadIPPluginJar : add i2s
2025-02-04 12:10:54,447 [INFO] IPUIPlugin:80 - create IPUIPlugin
2025-02-04 12:10:54,447 [INFO] PluginManager:220 - loadIPPluginJar : add i3c
2025-02-04 12:10:54,449 [INFO] IPUIPlugin:80 - create IPUIPlugin
2025-02-04 12:10:54,449 [INFO] PluginManager:220 - loadIPPluginJar : add ipddr
2025-02-04 12:10:54,453 [INFO] IPUIPlugin:80 - create IPUIPlugin
2025-02-04 12:10:54,453 [INFO] PluginManager:220 - loadIPPluginJar : add linkedlist
2025-02-04 12:10:54,455 [INFO] IPUIPlugin:80 - create IPUIPlugin
2025-02-04 12:10:54,455 [INFO] PluginManager:220 - loadIPPluginJar : add lorawan
2025-02-04 12:10:54,456 [INFO] IPUIPlugin:80 - create IPUIPlugin
2025-02-04 12:10:54,456 [INFO] PluginManager:220 - loadIPPluginJar : add ltdc
2025-02-04 12:10:54,459 [INFO] IPUIPlugin:80 - create IPUIPlugin
2025-02-04 12:10:54,459 [INFO] PluginManager:220 - loadIPPluginJar : add mdma
2025-02-04 12:10:54,461 [INFO] IPUIPlugin:80 - create IPUIPlugin
2025-02-04 12:10:54,461 [INFO] PluginManager:220 - loadIPPluginJar : add nvic
2025-02-04 12:10:54,463 [INFO] IPUIPlugin:80 - create IPUIPlugin
2025-02-04 12:10:54,463 [INFO] PluginManager:220 - loadIPPluginJar : add opamp
2025-02-04 12:10:54,466 [INFO] IPUIPlugin:80 - create IPUIPlugin
2025-02-04 12:10:54,466 [INFO] PluginManager:220 - loadIPPluginJar : add openamp
2025-02-04 12:10:54,468 [INFO] IPUIPlugin:80 - create IPUIPlugin
2025-02-04 12:10:54,468 [INFO] PluginManager:220 - loadIPPluginJar : add pdm2pcm
2025-02-04 12:10:54,472 [INFO] IPUIPlugin:80 - create IPUIPlugin
2025-02-04 12:10:54,473 [INFO] PluginManager:220 - loadIPPluginJar : add plateformsettings
2025-02-04 12:10:54,474 [INFO] IPUIPlugin:80 - create IPUIPlugin
2025-02-04 12:10:54,474 [INFO] PluginManager:220 - loadIPPluginJar : add quadspi
2025-02-04 12:10:54,475 [INFO] IPUIPlugin:80 - create IPUIPlugin
2025-02-04 12:10:54,476 [INFO] PluginManager:220 - loadIPPluginJar : add radio
2025-02-04 12:10:54,478 [INFO] IPUIPlugin:80 - create IPUIPlugin
2025-02-04 12:10:54,478 [INFO] PluginManager:220 - loadIPPluginJar : add resmgrutility
2025-02-04 12:10:54,479 [INFO] IPUIPlugin:80 - create IPUIPlugin
2025-02-04 12:10:54,480 [INFO] PluginManager:220 - loadIPPluginJar : add sai
2025-02-04 12:10:54,481 [INFO] IPUIPlugin:80 - create IPUIPlugin
2025-02-04 12:10:54,481 [INFO] PluginManager:220 - loadIPPluginJar : add spi
2025-02-04 12:10:54,484 [INFO] IPUIPlugin:80 - create IPUIPlugin
2025-02-04 12:10:54,484 [INFO] PluginManager:220 - loadIPPluginJar : add stm32_wpan
2025-02-04 12:10:54,485 [INFO] IPUIPlugin:80 - create IPUIPlugin
2025-02-04 12:10:54,485 [INFO] PluginManager:220 - loadIPPluginJar : add tim
2025-02-04 12:10:54,487 [INFO] IPUIPlugin:80 - create IPUIPlugin
2025-02-04 12:10:54,487 [INFO] PluginManager:220 - loadIPPluginJar : add touchsensing
2025-02-04 12:10:54,488 [INFO] IPUIPlugin:80 - create IPUIPlugin
2025-02-04 12:10:54,488 [INFO] PluginManager:220 - loadIPPluginJar : add tracer_emb
2025-02-04 12:10:54,489 [INFO] IPUIPlugin:80 - create IPUIPlugin
2025-02-04 12:10:54,489 [INFO] PluginManager:220 - loadIPPluginJar : add ts
2025-02-04 12:10:54,490 [INFO] IPUIPlugin:80 - create IPUIPlugin
2025-02-04 12:10:54,490 [INFO] PluginManager:220 - loadIPPluginJar : add tsc
2025-02-04 12:10:54,491 [INFO] IPUIPlugin:80 - create IPUIPlugin
2025-02-04 12:10:54,491 [INFO] PluginManager:220 - loadIPPluginJar : add ucpd
2025-02-04 12:10:54,492 [INFO] IPUIPlugin:80 - create IPUIPlugin
2025-02-04 12:10:54,492 [INFO] PluginManager:220 - loadIPPluginJar : add usart
2025-02-04 12:10:54,494 [INFO] IPUIPlugin:80 - create IPUIPlugin
2025-02-04 12:10:54,494 [INFO] PluginManager:220 - loadIPPluginJar : add usbx
2025-02-04 12:10:54,630 [FATAL] Updater:351 - Updater called before beeing initialized
2025-02-04 12:10:54,648 [INFO] RulesReader:64 - Compatibility file has been processed (297 Rules)
2025-02-04 12:10:54,655 [INFO] RulesReader:64 - Compatibility file has been processed (297 Rules)
2025-02-04 12:10:54,661 [INFO] CADModel:165 - CPN selected for project level
2025-02-04 12:10:54,661 [INFO] CADModel:114 - Register for checkConnection events
2025-02-04 12:10:54,661 [FATAL] Updater:351 - Updater called before beeing initialized
2025-02-04 12:10:54,661 [ERROR] CADModel:125 - Updater not yet initialized, retry later 
2025-02-04 12:10:54,746 [FATAL] Updater:351 - Updater called before beeing initialized
2025-02-04 12:10:54,747 [INFO] CADModel:165 - CPN selected for project level
2025-02-04 12:10:54,747 [INFO] CADModel:114 - Register for checkConnection events
2025-02-04 12:10:54,747 [FATAL] Updater:351 - Updater called before beeing initialized
2025-02-04 12:10:54,747 [ERROR] CADModel:125 - Updater not yet initialized, retry later 
2025-02-04 12:10:54,750 [FATAL] Updater:351 - Updater called before beeing initialized
2025-02-04 12:10:54,821 [FATAL] Updater:351 - Updater called before beeing initialized
2025-02-04 12:10:54,824 [INFO] DbMcusAds:53 - JSON generation date=Fri Sep 20 07:04:23 CST 2024 (1726837463109)
2025-02-04 12:10:54,824 [FATAL] Updater:351 - Updater called before beeing initialized
2025-02-04 12:10:54,847 [WARN] DetailPanel:346 - Failed to get advertising image, set to default
2025-02-04 12:10:55,016 [FATAL] Updater:351 - Updater called before beeing initialized
2025-02-04 12:10:55,017 [FATAL] Updater:351 - Updater called before beeing initialized
2025-02-04 12:10:55,017 [FATAL] Updater:351 - Updater called before beeing initialized
2025-02-04 12:10:55,017 [WARN] DetailPanel:346 - Failed to get advertising image, set to default
2025-02-04 12:10:55,018 [FATAL] Updater:351 - Updater called before beeing initialized
2025-02-04 12:10:55,051 [ERROR] Updater:1198 - MainUpdater not yet initialized. External WinMGr cannot be set.
2025-02-04 12:10:55,052 [INFO] Updater:1134 - Updater Version found : 6.13.0
2025-02-04 12:10:55,064 [INFO] ApplicationProperties:184 - Using Application install path: C:\ST\STM32CubeIDE_1.17.0\STM32CubeIDE\plugins\com.st.stm32cube.common.mx_6.13.0.202411220809
2025-02-04 12:10:56,628 [ERROR] LogOutputStream:75 - [STDERR_REDIRECT] Feb 04, 2025 12:10:56 PM java.util.prefs.WindowsPreferences <init>
2025-02-04 12:10:56,630 [ERROR] LogOutputStream:75 - [STDERR_REDIRECT] WARNING: Could not open/create prefs root node Software\JavaSoft\Prefs at root 0xffffffff80000002. Windows RegCreateKeyEx(...) returned error code 5.
2025-02-04 12:10:56,630 [ERROR] LogOutputStream:75 - [STDERR_REDIRECT] 
2025-02-04 12:10:56,993 [INFO] MainUpdater:2872 - connection check result : 10
2025-02-04 12:10:56,994 [INFO] MainUpdater:289 - Updater Check For Update Now.
2025-02-04 12:10:56,994 [INFO] MicroXplorer:498 - Change Database Version : DB.6.0.130
2025-02-04 12:10:56,998 [INFO] McuFinderGlobals:63 - Set McuFinder mode to 2 (CubeIDE integrated)
2025-02-04 12:10:56,998 [INFO] UserAuth:171 - activating auth plugin
2025-02-04 12:10:57,001 [INFO] UserAuth:486 - Internet connection configuration mode: 1
2025-02-04 12:10:57,013 [INFO] JxBrowserEngine:152 - Initiate JxBrowser Engine with user profile folder
2025-02-04 12:10:57,053 [WARN] MainUpdater:1193 - Updater busy. Cannot search thirdparties
2025-02-04 12:10:57,053 [INFO] ThirdPartyUpdaterWithRetryManager:96 - Updater plugin is busy. [1/15]
2025-02-04 12:10:57,145 [INFO] CheckServerUpdateThread:120 - End of CheckServer Thread
2025-02-04 12:10:57,417 [INFO] WebApp:168 - Instantiating new browser for Auth
2025-02-04 12:10:57,877 [INFO] WebApp:449 - Apply proxy settings
2025-02-04 12:10:57,877 [INFO] WebApp:534 - Chromium requires no authentication
2025-02-04 12:10:57,885 [INFO] WebApp:477 - Direct internet connection detected
2025-02-04 12:10:57,900 [INFO] WebApp:880 - Register for checkConnection events
2025-02-04 12:10:57,900 [INFO] WebApp:449 - Apply proxy settings
2025-02-04 12:10:57,900 [INFO] WebApp:534 - Chromium requires no authentication
2025-02-04 12:10:57,901 [INFO] WebApp:477 - Direct internet connection detected
2025-02-04 12:10:58,008 [INFO] WebApp:221 - Starting web application
2025-02-04 12:10:58,009 [INFO] WebApp:579 - Web application path used C:\ST\STM32CubeIDE_1.17.0\STM32CubeIDE\plugins\com.st.stm32cube.common.mx_6.13.0.202411220809\db\plugins\mcufinder\reactClient1\index.html
2025-02-04 12:10:58,347 [INFO] WebApp:187 - Connection restablished
2025-02-04 12:11:00,195 [WARN] PackLoader:240 - Cannot read IP mode file for STMicroelectronics.FP-SNS-MOTENVWB1.1.4.0
2025-02-04 12:11:00,201 [WARN] PackLoader:240 - Cannot read IP mode file for STMicroelectronics.FP-ATR-ASTRA1.2.0.1
2025-02-04 12:11:00,208 [WARN] PackLoader:240 - Cannot read IP mode file for STMicroelectronics.X-CUBE-SMBUS.2.1.0
2025-02-04 12:11:00,214 [WARN] PackLoader:240 - Cannot read IP mode file for STMicroelectronics.X-CUBE-WB05N.1.1.0
2025-02-04 12:11:00,234 [WARN] PackLoader:240 - Cannot read IP mode file for STMicroelectronics.X-CUBE-AZRTOS-F7.1.1.0
2025-02-04 12:11:00,284 [WARN] PackLoader:240 - Cannot read IP mode file for STMicroelectronics.X-CUBE-MEMS1.11.0.0
2025-02-04 12:11:00,371 [WARN] PackLoader:240 - Cannot read IP mode file for STMicroelectronics.FP-SNS-FLIGHT1.5.0.2
2025-02-04 12:11:00,384 [WARN] PackLoader:240 - Cannot read IP mode file for Infineon.AIROC-Wi-Fi-Bluetooth-STM32.1.7.0
2025-02-04 12:11:00,392 [WARN] PackLoader:240 - Cannot read IP mode file for STMicroelectronics.X-CUBE-DISPLAY.3.0.0
2025-02-04 12:11:00,398 [WARN] PackLoader:240 - Cannot read IP mode file for STMicroelectronics.X-CUBE-BLE1.7.0.0
2025-02-04 12:11:00,402 [WARN] PackLoader:240 - Cannot read IP mode file for STMicroelectronics.X-CUBE-NFC10.1.0.0
2025-02-04 12:11:00,408 [WARN] PackLoader:240 - Cannot read IP mode file for STMicroelectronics.X-CUBE-BLEMGR.4.0.0
2025-02-04 12:11:00,414 [WARN] PackLoader:240 - Cannot read IP mode file for emotas.I-CUBE-CANOPEN.1.3.0
2025-02-04 12:11:00,419 [WARN] PackLoader:240 - Cannot read IP mode file for STMicroelectronics.X-CUBE-BLEMGR.3.1.0
2025-02-04 12:11:00,424 [WARN] PackLoader:240 - Cannot read IP mode file for STMicroelectronics.X-CUBE-AI.10.0.0
2025-02-04 12:11:00,427 [WARN] PackLoader:240 - Cannot read IP mode file for STMicroelectronics.FP-SNS-SMARTAG2.1.2.0
2025-02-04 12:11:00,466 [WARN] PackLoader:240 - Cannot read IP mode file for STMicroelectronics.X-CUBE-MEMS1.11.1.0
2025-02-04 12:11:00,574 [INFO] LogOutputStream:77 - [STDOUT_REDIRECT] 1 : Invalid condition id : UX_CORESTACK_Condition cause : null
2025-02-04 12:11:00,574 [INFO] LogOutputStream:77 - [STDOUT_REDIRECT] 1 : Invalid condition id : UX_CORESTACK_Condition cause : null
2025-02-04 12:11:00,575 [INFO] LogOutputStream:77 - [STDOUT_REDIRECT] 1 : Invalid condition id : UX_CORESTACK_Condition cause : null
2025-02-04 12:11:00,575 [INFO] LogOutputStream:77 - [STDOUT_REDIRECT] 1 : Invalid condition id : UX_CORESTACK_Condition cause : null
2025-02-04 12:11:00,576 [INFO] LogOutputStream:77 - [STDOUT_REDIRECT] 1 : Invalid condition id : UX_CORESTACK_Condition cause : null
2025-02-04 12:11:00,578 [WARN] PackLoader:240 - Cannot read IP mode file for STMicroelectronics.X-CUBE-AZRTOS-WL.2.0.0
2025-02-04 12:11:00,582 [WARN] PackLoader:240 - Cannot read IP mode file for STMicroelectronics.FP-SNS-MOTENV1.5.0.0
2025-02-04 12:11:00,586 [WARN] PackLoader:240 - Cannot read IP mode file for wolfSSL.I-CUBE-wolfMQTT.1.19.0
2025-02-04 12:11:00,592 [WARN] PackLoader:240 - Cannot read IP mode file for WES.I-CUBE-Cesium.1.3.0
2025-02-04 12:11:00,595 [WARN] PackLoader:240 - Cannot read IP mode file for STMicroelectronics.X-CUBE-BLE2.3.3.0
2025-02-04 12:11:00,599 [WARN] PackLoader:240 - Cannot read IP mode file for STMicroelectronics.X-CUBE-NFC9.1.0.0
2025-02-04 12:11:00,610 [WARN] PackLoader:240 - Cannot read IP mode file for STMicroelectronics.X-CUBE-TCPP.4.1.0
2025-02-04 12:11:00,619 [WARN] PackLoader:240 - Cannot read IP mode file for STMicroelectronics.X-CUBE-AZRTOS-G0.1.1.0
2025-02-04 12:11:00,625 [WARN] PackLoader:240 - Cannot read IP mode file for STMicroelectronics.X-CUBE-SAFEA1.1.2.2
2025-02-04 12:11:00,630 [WARN] PackLoader:240 - Cannot read IP mode file for STMicroelectronics.X-CUBE-NFC4.3.0.0
2025-02-04 12:11:00,635 [WARN] PackLoader:240 - Cannot read IP mode file for EmbeddedOffice.I-CUBE-FS-RTOS.1.0.1
2025-02-04 12:11:00,638 [WARN] PackLoader:240 - Cannot read IP mode file for STMicroelectronics.X-CUBE-TCPP.4.2.0
2025-02-04 12:11:00,643 [WARN] PackLoader:240 - Cannot read IP mode file for RealThread.X-CUBE-RT-Thread_Nano.4.1.1
2025-02-04 12:11:00,646 [WARN] PackLoader:240 - Cannot read IP mode file for STMicroelectronics.FP-ATR-SIGFOX1.3.2.0
2025-02-04 12:11:00,649 [WARN] ConditionMgr:438 - getConditionDescription Invalid condition id : Cortex-A Device cause : null
2025-02-04 12:11:00,668 [WARN] ConditionMgr:1044 - genDependencies : Invalid condition id : Cortex-A Device cause : null
2025-02-04 12:11:00,668 [WARN] ConditionMgr:1044 - genDependencies : Invalid condition id : Cortex-A Device cause : null
2025-02-04 12:11:00,668 [WARN] ConditionMgr:1044 - genDependencies : Invalid condition id : Cortex-A Device cause : null
2025-02-04 12:11:00,673 [WARN] PackLoader:240 - Cannot read IP mode file for STMicroelectronics.X-CUBE-EEPRMA1.5.1.0
2025-02-04 12:11:00,677 [WARN] PackLoader:240 - Cannot read IP mode file for wolfSSL.I-CUBE-wolfSSL.5.7.4
2025-02-04 12:11:00,680 [WARN] PackLoader:240 - Cannot read IP mode file for ITTIA_DB.I-CUBE-ITTIADB.8.9.0
2025-02-04 12:11:00,692 [WARN] PackLoader:240 - Cannot read IP mode file for SEGGER.I-CUBE-embOS.1.3.1
2025-02-04 12:11:00,711 [WARN] PackLoader:240 - Cannot read IP mode file for STMicroelectronics.X-CUBE-ALGOBUILD.1.4.0
2025-02-04 12:11:00,714 [WARN] PackLoader:240 - Cannot read IP mode file for STMicroelectronics.X-CUBE-AI.9.1.0
2025-02-04 12:11:00,722 [WARN] PackLoader:240 - Cannot read IP mode file for STMicroelectronics.X-CUBE-AZRTOS-F4.1.1.0
2025-02-04 12:11:00,727 [WARN] PackLoader:240 - Cannot read IP mode file for STMicroelectronics.X-CUBE-ISPU.2.1.0
2025-02-04 12:11:00,731 [WARN] PackLoader:240 - Cannot read IP mode file for STMicroelectronics.X-CUBE-FREERTOS.1.2.0
2025-02-04 12:11:00,740 [WARN] PackLoader:240 - Cannot read IP mode file for STMicroelectronics.X-CUBE-AZRTOS-L5.2.0.0
2025-02-04 12:11:00,745 [WARN] PackLoader:240 - Cannot read IP mode file for STMicroelectronics.X-CUBE-NFC6.3.1.0
2025-02-04 12:11:00,750 [WARN] PackLoader:240 - Cannot read IP mode file for STMicroelectronics.X-CUBE-DPower.1.2.0
2025-02-04 12:11:00,752 [WARN] PackLoader:240 - Cannot read IP mode file for STMicroelectronics.X-CUBE-FREERTOS.1.3.0
2025-02-04 12:11:00,755 [WARN] PackLoader:240 - Cannot read IP mode file for STMicroelectronics.X-CUBE-NFC7.1.0.1
2025-02-04 12:11:00,766 [WARN] ConditionMgr:438 - getConditionDescription Invalid condition id : LAN8742 Phy interface Condition cause : null
2025-02-04 12:11:00,767 [WARN] PackLoader:240 - Cannot read IP mode file for STMicroelectronics.X-CUBE-AZRTOS-L4.2.0.0
2025-02-04 12:11:00,767 [WARN] ConditionMgr:1044 - genDependencies : Invalid condition id : LAN8742 Phy interface Condition cause : null
2025-02-04 12:11:00,768 [WARN] ConditionMgr:1044 - genDependencies : Invalid condition id : LAN8742 Phy interface Condition cause : null
2025-02-04 12:11:00,768 [WARN] ConditionMgr:1044 - genDependencies : Invalid condition id : LAN8742 Phy interface Condition cause : null
2025-02-04 12:11:00,773 [WARN] PackLoader:240 - Cannot read IP mode file for STMicroelectronics.X-CUBE-SFXS2LP1.4.0.0
2025-02-04 12:11:00,784 [WARN] PackLoader:240 - Cannot read IP mode file for STMicroelectronics.X-CUBE-AZRTOS-H7.3.3.0
2025-02-04 12:11:00,793 [WARN] PackLoader:240 - Cannot read IP mode file for STMicroelectronics.X-CUBE-IPS.3.0.0
2025-02-04 12:11:00,802 [WARN] ConditionMgr:438 - getConditionDescription Invalid condition id : UX DEVICE CLASS RTOS Condition cause : null
2025-02-04 12:11:00,802 [WARN] ConditionMgr:438 - getConditionDescription Invalid condition id : UX DEVICE CLASS RTOS Condition cause : null
2025-02-04 12:11:00,803 [WARN] PackLoader:240 - Cannot read IP mode file for STMicroelectronics.X-CUBE-AZRTOS-WB.2.0.0
2025-02-04 12:11:00,803 [WARN] ConditionMgr:1044 - genDependencies : Invalid condition id : UX DEVICE CLASS RTOS Condition cause : null
2025-02-04 12:11:00,804 [WARN] ConditionMgr:1044 - genDependencies : Invalid condition id : UX DEVICE CLASS RTOS Condition cause : null
2025-02-04 12:11:00,804 [WARN] ConditionMgr:1044 - genDependencies : Invalid condition id : UX DEVICE CLASS RTOS Condition cause : null
2025-02-04 12:11:00,804 [WARN] ConditionMgr:1044 - genDependencies : Invalid condition id : UX DEVICE CLASS RTOS Condition cause : null
2025-02-04 12:11:00,804 [WARN] ConditionMgr:1044 - genDependencies : Invalid condition id : UX DEVICE CLASS RTOS Condition cause : null
2025-02-04 12:11:00,809 [WARN] PackLoader:240 - Cannot read IP mode file for STMicroelectronics.X-CUBE-GNSS1.7.0.0
2025-02-04 12:11:00,812 [WARN] PackLoader:240 - Cannot read IP mode file for STMicroelectronics.X-CUBE-GNSS1.7.0.1
2025-02-04 12:11:00,816 [WARN] PackLoader:240 - Cannot read IP mode file for STMicroelectronics.FP-SNS-STBOX1.2.0.0
2025-02-04 12:11:00,831 [WARN] PackLoader:240 - Cannot read IP mode file for STMicroelectronics.X-CUBE-SUBG2.5.0.0
2025-02-04 12:11:00,837 [WARN] PackLoader:240 - Cannot read IP mode file for Cesanta.I-CUBE-Mongoose.7.13.0
2025-02-04 12:11:00,843 [WARN] PackLoader:240 - Cannot read IP mode file for STMicroelectronics.X-CUBE-AZRTOS-G4.2.0.0
2025-02-04 12:11:00,851 [WARN] PackLoader:240 - Cannot read IP mode file for STMicroelectronics.X-CUBE-IPS.3.1.0
2025-02-04 12:11:00,858 [WARN] PackLoader:240 - Cannot read IP mode file for STMicroelectronics.X-CUBE-ALS.1.0.2
2025-02-04 12:11:00,861 [WARN] PackLoader:240 - Cannot read IP mode file for STMicroelectronics.X-CUBE-TOUCHGFX.4.24.2
2025-02-04 12:11:00,864 [WARN] PackLoader:240 - Cannot read IP mode file for STMicroelectronics.X-CUBE-TOUCHGFX.4.24.1
2025-02-04 12:11:00,866 [WARN] PackLoader:240 - Cannot read IP mode file for wolfSSL.I-CUBE-wolfTPM.3.4.0
2025-02-04 12:11:00,869 [WARN] PackLoader:240 - Cannot read IP mode file for portGmbH.I-Cube-SoM-uGOAL.1.1.0
2025-02-04 12:11:00,877 [WARN] PackLoader:240 - Cannot read IP mode file for STMicroelectronics.X-CUBE-AZRTOS-H7RS.1.0.0
2025-02-04 12:11:00,885 [WARN] PackLoader:240 - Cannot read IP mode file for STMicroelectronics.X-CUBE-TOF1.3.4.2
2025-02-04 12:11:00,893 [WARN] PackLoader:240 - Cannot read IP mode file for wolfSSL.I-CUBE-wolfSSH.1.4.17
2025-02-04 12:11:00,894 [INFO] ThirdParty:978 - Integrity check success = true
2025-02-04 12:11:00,894 [INFO] IntegrityCheckThread:100 - exiting critical section [integrity check]
2025-02-04 12:11:00,894 [INFO] IntegrityCheckThread:103 - End integrity checks thread
